#
# A fatal error has been detected by the Java Runtime Environment:
#
#  EXCEPTION_ACCESS_VIOLATION (0xc0000005) at pc=0x00007fffe587be01, pid=15876, tid=7140
#
# JRE version: Java(TM) SE Runtime Environment (23.0+37) (build 23+37-2369)
# Java VM: Java HotSpot(TM) 64-Bit Server VM (23+37-2369, mixed mode, sharing, tiered, compressed oops, compressed class ptrs, g1 gc, windows-amd64)
# Problematic frame:
# C  [awt.dll+0xdbe01]
#
# No core dump will be written. Minidumps are not enabled by default on client versions of Windows
#
# If you would like to submit a bug report, please visit:
#   https://bugreport.java.com/bugreport/crash.jsp
# The crash happened outside the Java Virtual Machine in native code.
# See problematic frame for where to report the bug.
#

---------------  S U M M A R Y ------------

Command Line: -Dfile.encoding=UTF-8 --module-path=C:\Users\dell\OneDrive\Documents\NetBeansProjects\SHIMSSYSTEMSS\build\classes shimsystem.student

Host: Intel(R) Core(TM) i3-6100T CPU @ 3.20GHz, 4 cores, 7G,  Windows 10 , 64 bit Build 19041 (10.0.19041.5438)
Time: Fri Mar 14 18:35:33 2025 Malay Peninsula Standard Time elapsed time: 8524.963572 seconds (0d 2h 22m 4s)

---------------  T H R E A D  ---------------

Current thread (0x000001e39bae72a0):  JavaThread "AWT-Windows" daemon [_thread_in_native, id=7140, stack(0x000000330ca00000,0x000000330cb00000) (1024K)]

Stack: [0x000000330ca00000,0x000000330cb00000],  sp=0x000000330cafee00,  free space=1019k
Native frames: (J=compiled Java code, j=interpreted, Vv=VM code, C=native code)
C  [awt.dll+0xdbe01]  (no source info available)
C  [awt.dll+0x9783c]  (no source info available)
C  [awt.dll+0x978e6]  (no source info available)
C  [awt.dll+0x94cb6]  (no source info available)
C  [awt.dll+0xe0f8c]  (no source info available)
C  [awt.dll+0xb0d3d]  (no source info available)
C  [awt.dll+0x97e1d]  (no source info available)
C  [USER32.dll+0xef5c]  (no source info available)
C  [USER32.dll+0xe9de]  (no source info available)
C  [awt.dll+0x161c3]  (no source info available)
C  [COMCTL32.dll+0x89aaa]  (no source info available)
C  [COMCTL32.dll+0x898a7]  (no source info available)
C  [USER32.dll+0xef5c]  (no source info available)
C  [USER32.dll+0xe684]  (no source info available)
C  [awt.dll+0xd530e]  (no source info available)
C  [awt.dll+0xd7242]  (no source info available)
C  0x000001e38fbad207  (no source info available)

The last pc belongs to native method entry point (kind = native) (printed below).
Java frames: (J=compiled Java code, j=interpreted, Vv=VM code)
j  sun.awt.windows.WToolkit.eventLoop()V+0 java.desktop@23
j  sun.awt.windows.WToolkit.run()V+50 java.desktop@23
j  java.lang.Thread.runWith(Ljava/lang/Object;Ljava/lang/Runnable;)V+5 java.base@23
j  java.lang.Thread.run()V+19 java.base@23
v  ~StubRoutines::call_stub 0x000001e38fba0fcd

siginfo: EXCEPTION_ACCESS_VIOLATION (0xc0000005), reading address 0x0000000000000008


Registers:
RAX=0x0000000000000000, RBX=0x000001e3e293e9a0, RCX=0x0000000000000000, RDX=0x0000000000000000
RSP=0x000000330cafee00, RBP=0x000000330cafef09, RSI=0x0000000063011523, RDI=0x0000000000000000
R8 =0x0000000000000001, R9 =0x000000330cafef09, R10=0x0000000000000000, R11=0x0000000000000246
R12=0x0000000000000000, R13=0x0000000000000310, R14=0x0000000000000000, R15=0x0000000000000000
RIP=0x00007fffe587be01, EFLAGS=0x0000000000010246


Register to memory mapping:

RAX=0x0 is null
RBX=0x000001e3e293e9a0 points into unknown readable memory: 0x000001e3e294a660 | 60 a6 94 e2 e3 01 00 00
RCX=0x0 is null
RDX=0x0 is null
RSP=0x000000330cafee00 is pointing into the stack for thread: 0x000001e39bae72a0
RBP=0x000000330cafef09 is pointing into the stack for thread: 0x000001e39bae72a0
RSI=0x0000000063011523 is an unknown value
RDI=0x0 is null
R8 =0x0000000000000001 is an unknown value
R9 =0x000000330cafef09 is pointing into the stack for thread: 0x000001e39bae72a0
R10=0x0 is null
R11=0x0000000000000246 is an unknown value
R12=0x0 is null
R13=0x0000000000000310 is an unknown value
R14=0x0 is null
R15=0x0 is null

Top of Stack: (sp=0x000000330cafee00)
0x000000330cafee00:   00007fffe58d9838 0000000063011523
0x000000330cafee10:   0000000000000000 0000000000000000
0x000000330cafee20:   0000000000000000 00007fffe583783c
0x000000330cafee30:   0000000063011523 000001e39bbd49f0
0x000000330cafee40:   000001e3e293e9a0 00007ff82a54e9de
0x000000330cafee50:   0000000000000000 00007fffe58378e6
0x000000330cafee60:   000001e39bbd49f0 00007fffe57a0000
0x000000330cafee70:   0000000000000000 0000000000000000
0x000000330cafee80:   0000000000000000 00007fffe5834cb6
0x000000330cafee90:   000001e39bbd49f0 0000000000000000
0x000000330cafeea0:   0000000000000000 000000330caff1f0
0x000000330cafeeb0:   000000000000c1e1 0000000000000000
0x000000330cafeec0:   0000000000000000 000001e38fbabdc0
0x000000330cafeed0:   0000000000000000 00007ff8200e9aaa
0x000000330cafeee0:   0000000000000000 00007ff82b0c9877
0x000000330cafeef0:   000000330cafefb0 000001e39bae7660
0x000000330cafef00:   000001e39bbd4a90 0000000000000000
0x000000330cafef10:   000001e39bae72a0 00003894843a62e7
0x000000330cafef20:   0000000000000001 0000000000000000
0x000000330cafef30:   0000000000000000 0000000000000000
0x000000330cafef40:   0000000000000000 0000000000000310
0x000000330cafef50:   0000000000000000 000001e39bbd49f0
0x000000330cafef60:   000001e39bbd49f0 00007fffe5880f8c
0x000000330cafef70:   0000000000000001 0000000000000000
0x000000330cafef80:   0000000000000000 00007ff82a54ca9b
0x000000330cafef90:   000000000000c1e1 0000000004380780
0x000000330cafefa0:   0000000000000000 00000000002708d0
0x000000330cafefb0:   000001e3fd60cf30 00007ff82a550317
0x000000330cafefc0:   0000000000000000 00007ff82b0c9993
0x000000330cafefd0:   000000330b19a800 00000000ffffffeb
0x000000330cafefe0:   0000000000000000 00003894843a6307
0x000000330cafeff0:   000000330caff1f0 0000000000000000 

Instructions: (pc=0x00007fffe587be01)
0x00007fffe587bd01:   83 ec 28 66 0f 6e c2 0f 5b c0 f3 0f 59 41 48 0f
0x00007fffe587bd11:   5a c8 f2 0f 10 05 bd 4e 03 00 f2 0f 5c 0d e5 4e
0x00007fffe587bd21:   01 00 66 0f 2f c1 76 0a b8 00 00 00 80 48 83 c4
0x00007fffe587bd31:   28 c3 66 0f 2f 0d 65 98 02 00 76 0a b8 ff ff ff
0x00007fffe587bd41:   7f 48 83 c4 28 c3 0f 28 c1 e8 af 0e 01 00 f2 0f
0x00007fffe587bd51:   2c c0 48 83 c4 28 c3 cc cc cc cc cc cc cc cc 48
0x00007fffe587bd61:   83 ec 28 66 0f 6e c2 0f 5b c0 f3 0f 59 41 4c 0f
0x00007fffe587bd71:   5a c8 f2 0f 10 05 5d 4e 03 00 f2 0f 5c 0d 85 4e
0x00007fffe587bd81:   01 00 66 0f 2f c1 76 0a b8 00 00 00 80 48 83 c4
0x00007fffe587bd91:   28 c3 66 0f 2f 0d 05 98 02 00 76 0a b8 ff ff ff
0x00007fffe587bda1:   7f 48 83 c4 28 c3 0f 28 c1 e8 4f 0e 01 00 f2 0f
0x00007fffe587bdb1:   2c c0 48 83 c4 28 c3 cc cc cc cc cc cc cc cc 48
0x00007fffe587bdc1:   8b 49 08 48 85 c9 0f 85 b3 7c fe ff 33 c0 c3 48
0x00007fffe587bdd1:   89 5c 24 08 48 89 74 24 10 57 48 83 ec 20 8b fa
0x00007fffe587bde1:   48 8b f1 e8 b7 be f4 ff 48 8b d8 48 89 44 24 40
0x00007fffe587bdf1:   41 b8 01 00 00 00 8b d7 48 8b c8 e8 1f be f4 ff
0x00007fffe587be01:   48 8b 48 08 48 85 c9 74 0d 48 8b d6 e8 6e 7c fe
0x00007fffe587be11:   ff 48 8b f8 eb 02 33 ff 48 8b cb e8 3f c0 f4 ff
0x00007fffe587be21:   90 48 8b c7 48 8b 5c 24 30 48 8b 74 24 38 48 83
0x00007fffe587be31:   c4 20 5f c3 cc cc cc cc cc cc cc cc cc cc cc 48
0x00007fffe587be41:   8b 01 89 10 c3 cc cc cc cc cc cc cc cc cc cc 40
0x00007fffe587be51:   57 48 83 ec 40 48 83 79 38 00 48 8b f9 0f 84 96
0x00007fffe587be61:   01 00 00 48 8b 0d b5 9f 06 00 ba 02 00 01 00 48
0x00007fffe587be71:   89 5c 24 58 48 89 74 24 68 e8 40 d8 00 00 4c 8b
0x00007fffe587be81:   05 12 a5 06 00 48 8b c8 48 8b 57 38 48 8b d8 4c
0x00007fffe587be91:   8b 08 41 ff 91 f8 02 00 00 48 8b f0 48 85 c0 0f
0x00007fffe587bea1:   84 4a 01 00 00 4c 8b 0b 48 8b d0 4c 8b 05 d5 a4
0x00007fffe587beb1:   06 00 48 8b cb 41 ff 91 00 01 00 00 84 c0 0f 84
0x00007fffe587bec1:   2b 01 00 00 48 8b 7f 08 48 8b d6 48 8b 03 48 8b
0x00007fffe587bed1:   cb 4c 8b 05 c7 a4 06 00 48 81 c7 00 04 00 00 48
0x00007fffe587bee1:   89 6c 24 60 4c 89 64 24 38 ff 90 f8 02 00 00 4c
0x00007fffe587bef1:   8b 0b 48 8b d6 4c 8b 05 ab a4 06 00 48 8b cb 4c 


Stack slot to memory mapping:

stack at sp + 0 slots: 0x00007fffe58d9838 awt.dll
stack at sp + 1 slots: 0x0000000063011523 is an unknown value
stack at sp + 2 slots: 0x0 is null
stack at sp + 3 slots: 0x0 is null
stack at sp + 4 slots: 0x0 is null
stack at sp + 5 slots: 0x00007fffe583783c awt.dll
stack at sp + 6 slots: 0x0000000063011523 is an unknown value
stack at sp + 7 slots: 0x000001e39bbd49f0 points into unknown readable memory: 0x00007fffe58ac860 | 60 c8 8a e5 ff 7f 00 00

Lock stack of current Java thread (top to bottom):

native method entry point (kind = native)  [0x000001e38fbacde0, 0x000001e38fbad938]  2904 bytes
[MachCode]
  0x000001e38fbacde0: 488b 4b08 | 0fb7 492e | 584c 8d74 | ccf8 6800 | 0000 0068 | 0000 0000 | 5055 488b | ec41 5568 
  0x000001e38fbace00: 0000 0000 | 4c8b 6b08 | 4d8d 6d38 | 5348 8b53 | 0848 8b52 | 0848 8b52 | 1848 8b52 | 7048 8b12 
  0x000001e38fbace20: 5248 8b53 | 1048 85d2 | 0f84 0700 | 0000 4881 | c210 0100 | 0052 488b | 5308 488b | 5208 488b 
  0x000001e38fbace40: 5210 5249 | 8bc6 482b | c548 c1e8 | 0350 6800 | 0000 0068 | f7ff ffff | 41c6 8771 | 0400 0001 
  0x000001e38fbace60: 488b 4310 | 4885 c074 | 208b 88cc | 0000 0083 | c102 8988 | cc00 0000 | 2388 e000 | 0000 0f84 
  0x000001e38fbace80: 000a 0000 | e9cf 0000 | 0048 8b43 | 1848 85c0 | 0f85 b000 | 0000 e805 | 0000 00e9 | 9900 0000 
  0x000001e38fbacea0: 488b d348 | 8d44 2408 | 4c89 6dc0 | 498b cfc5 | f877 4989 | afb0 0300 | 0049 8987 | a003 0000 
  0x000001e38fbacec0: 4883 ec20 | 40f6 c40f | 0f84 1900 | 0000 4883 | ec08 48b8 | 9026 d0c7 | ff7f 0000 | ffd0 4883 
  0x000001e38fbacee0: c408 e90c | 0000 0048 | b890 26d0 | c7ff 7f00 | 00ff d048 | 83c4 2049 | c787 a003 | 0000 0000 
  0x000001e38fbacf00: 0000 49c7 | 87b0 0300 | 0000 0000 | 0049 c787 | a803 0000 | 0000 0000 | c5f8 7749 | 837f 0800 
  0x000001e38fbacf20: 0f84 0500 | 0000 e995 | 3fff ff4c | 8b6d c04c | 8b75 c84e | 8d74 f500 | c348 8b43 | 1848 85c0 
  0x000001e38fbacf40: 0f84 1200 | 0000 8b48 | 0883 c102 | 8948 0823 | 481c 0f84 | 2c09 0000 | 493b a7e8 | 0400 000f 
  0x000001e38fbacf60: 8748 0000 | 0089 8424 | 00f0 ffff | 8984 2400 | e0ff ff89 | 8424 00d0 | ffff 8984 | 2400 c0ff 
  0x000001e38fbacf80: ff89 8424 | 00b0 ffff | 8984 2400 | a0ff ff89 | 8424 0090 | ffff 8984 | 2400 80ff | ff49 3ba7 
  0x000001e38fbacfa0: e004 0000 | 7607 4989 | a7e8 0400 | 0041 c687 | 7104 0000 | 0049 ba41 | ad57 c8ff | 7f00 0041 
  0x000001e38fbacfc0: 803a 000f | 843e 0000 | 0048 8b55 | e849 8bcf | 4883 ec20 | 40f6 c40f | 0f84 1900 | 0000 4883 
  0x000001e38fbacfe0: ec08 48b8 | 00ee 07c8 | ff7f 0000 | ffd0 4883 | c408 e90c | 0000 0048 | b800 ee07 | c8ff 7f00 
  0x000001e38fbad000: 00ff d048 | 83c4 2048 | 8b5d e84c | 8b5b 0845 | 0fb7 5b2e | 41c1 e303 | 492b e348 | 83ec 2048 
  0x000001e38fbad020: 83e4 f04c | 8b5b 604d | 85db 0f85 | ab00 0000 | e805 0000 | 00e9 9900 | 0000 488b | d348 8d44 
  0x000001e38fbad040: 2408 4c89 | 6dc0 498b | cfc5 f877 | 4989 afb0 | 0300 0049 | 8987 a003 | 0000 4883 | ec20 40f6 
  0x000001e38fbad060: c40f 0f84 | 1900 0000 | 4883 ec08 | 48b8 f04d | d0c7 ff7f | 0000 ffd0 | 4883 c408 | e90c 0000 
  0x000001e38fbad080: 0048 b8f0 | 4dd0 c7ff | 7f00 00ff | d048 83c4 | 2049 c787 | a003 0000 | 0000 0000 | 49c7 87b0 
  0x000001e38fbad0a0: 0300 0000 | 0000 0049 | c787 a803 | 0000 0000 | 0000 c5f8 | 7749 837f | 0800 0f84 | 0500 0000 
  0x000001e38fbad0c0: e9fb 3dff | ff4c 8b6d | c04c 8b75 | c84e 8d74 | f500 c348 | 8b5d e84c | 8b5b 6041 | ffd3 488b 
  0x000001e38fbad0e0: 5de8 4889 | 4518 448b | 5b28 41f6 | c308 0f84 | 1b00 0000 | 4c8b 5b08 | 4d8b 5b08 | 4d8b 5b18 
  0x000001e38fbad100: 4d8b 5b70 | 4d8b 1b4c | 895d 1048 | 8d55 1048 | 8b43 5849 | ba50 3c08 | c8ff 7f00 | 0049 3bc2 
  0x000001e38fbad120: 0f85 ab00 | 0000 e805 | 0000 00e9 | 9900 0000 | 488b d348 | 8d44 2408 | 4c89 6dc0 | 498b cfc5 
  0x000001e38fbad140: f877 4989 | afb0 0300 | 0049 8987 | a003 0000 | 4883 ec20 | 40f6 c40f | 0f84 1900 | 0000 4883 
  0x000001e38fbad160: ec08 48b8 | f04d d0c7 | ff7f 0000 | ffd0 4883 | c408 e90c | 0000 0048 | b8f0 4dd0 | c7ff 7f00 
  0x000001e38fbad180: 00ff d048 | 83c4 2049 | c787 a003 | 0000 0000 | 0000 49c7 | 87b0 0300 | 0000 0000 | 0049 c787 
  0x000001e38fbad1a0: a803 0000 | 0000 0000 | c5f8 7749 | 837f 0800 | 0f84 0500 | 0000 e905 | 3dff ff4c | 8b6d c04c 
  0x000001e38fbad1c0: 8b75 c84e | 8d74 f500 | c348 8b5d | e848 8b43 | 5849 8d8f | c003 0000 | c5f8 7749 | 89af b003 
  0x000001e38fbad1e0: 0000 49ba | d8d1 ba8f | e301 0000 | 4d89 97a8 | 0300 0049 | 89a7 a003 | 0000 41c7 | 8744 0400 
  0x000001e38fbad200: 0004 0000 | 00ff d0c5 | f877 4883 | ec10 c5fb | 1104 2448 | 83ec 1048 | 8904 2448 | c744 2408 
  0x000001e38fbad220: 0000 0000 | 41c7 8744 | 0400 0005 | 0000 00f0 | 8344 24c0 | 0049 3baf | 4804 0000 | 0f87 0e00 
  0x000001e38fbad240: 0000 4183 | bf40 0400 | 0000 0f84 | 2000 0000 | 498b cf4c | 8be4 4883 | ec20 4883 | e4f0 48b8 
  0x000001e38fbad260: 90a9 d1c7 | ff7f 0000 | ffd0 498b | e44d 33e4 | 41c7 8744 | 0400 0008 | 0000 0049 | c787 a003 
  0x000001e38fbad280: 0000 0000 | 0000 49c7 | 87b0 0300 | 0000 0000 | 0049 c787 | a803 0000 | 0000 0000 | c5f8 774d 
  0x000001e38fbad2a0: 8b9f 3004 | 0000 41c7 | 8300 0100 | 0000 0000 | 0049 bbda | a5ba 8fe3 | 0100 004c | 3b5d 180f 
  0x000001e38fbad2c0: 8524 0200 | 0048 8b04 | 2448 83c4 | 1048 85c0 | 0f84 fe01 | 0000 a803 | 0f85 0800 | 0000 488b 
  0x000001e38fbad2e0: 00e9 ee01 | 0000 a801 | 0f85 0900 | 0000 488b | 40fe e9dd | 0100 0048 | 8b40 ff41 | 807f 3800 
  0x000001e38fbad300: 0f84 ce01 | 0000 4883 | f800 0f84 | c401 0000 | 4d8b 5f28 | 4983 fb00 | 0f84 1400 | 0000 4983 
  0x000001e38fbad320: eb08 4d89 | 5f28 4d03 | 5f30 4989 | 03e9 a201 | 0000 4881 | ecd0 0000 | 0048 8904 | 2448 894c 
  0x000001e38fbad340: 2408 4889 | 5424 1048 | 8974 2418 | 4889 7c24 | 204c 8944 | 2428 4c89 | 4c24 304c | 8954 2438 
  0x000001e38fbad360: 4c89 5c24 | 40c5 fb11 | 4424 50c5 | fb11 4c24 | 58c5 fb11 | 5424 60c5 | fb11 5c24 | 68c5 fb11 
  0x000001e38fbad380: 6424 70c5 | fb11 6c24 | 78c5 fb11 | b424 8000 | 0000 c5fb | 11bc 2488 | 0000 00c5 | 7b11 8424 
  0x000001e38fbad3a0: 9000 0000 | c57b 118c | 2498 0000 | 00c5 7b11 | 9424 a000 | 0000 c57b | 119c 24a8 | 0000 00c5 
  0x000001e38fbad3c0: 7b11 a424 | b000 0000 | c57b 11ac | 24b8 0000 | 00c5 7b11 | b424 c000 | 0000 c57b | 11bc 24c8 
  0x000001e38fbad3e0: 0000 0049 | 8bd7 488b | c848 83ec | 2040 f6c4 | 0f0f 8419 | 0000 0048 | 83ec 0848 | b8e0 07c5 
  0x000001e38fbad400: c7ff 7f00 | 00ff d048 | 83c4 08e9 | 0c00 0000 | 48b8 e007 | c5c7 ff7f | 0000 ffd0 | 4883 c420 
  0x000001e38fbad420: c57b 10bc | 24c8 0000 | 00c5 7b10 | b424 c000 | 0000 c57b | 10ac 24b8 | 0000 00c5 | 7b10 a424 
  0x000001e38fbad440: b000 0000 | c57b 109c | 24a8 0000 | 00c5 7b10 | 9424 a000 | 0000 c57b | 108c 2498 | 0000 00c5 
  0x000001e38fbad460: 7b10 8424 | 9000 0000 | c5fb 10bc | 2488 0000 | 00c5 fb10 | b424 8000 | 0000 c5fb | 106c 2478 
  0x000001e38fbad480: c5fb 1064 | 2470 c5fb | 105c 2468 | c5fb 1054 | 2460 c5fb | 104c 2458 | c5fb 1044 | 2450 4c8b 
  0x000001e38fbad4a0: 5c24 404c | 8b54 2438 | 4c8b 4c24 | 304c 8b44 | 2428 488b | 7c24 2048 | 8b74 2418 | 488b 5424 
  0x000001e38fbad4c0: 1048 8b4c | 2408 488b | 0424 4881 | c4d0 0000 | 00c5 f877 | 4889 4510 | 4883 ec10 | 4889 0424 
  0x000001e38fbad4e0: 48c7 4424 | 0800 0000 | 0041 83bf | c804 0000 | 020f 85bf | 0000 0048 | 81ec 8000 | 0000 4889 
  0x000001e38fbad500: 4424 7848 | 894c 2470 | 4889 5424 | 6848 895c | 2460 4889 | 6c24 5048 | 8974 2448 | 4889 7c24 
  0x000001e38fbad520: 404c 8944 | 2438 4c89 | 4c24 304c | 8954 2428 | 4c89 5c24 | 204c 8964 | 2418 4c89 | 6c24 104c 
  0x000001e38fbad540: 8974 2408 | 4c89 3c24 | 4c8b e448 | 83ec 2048 | 83e4 f048 | b8b0 2208 | c8ff 7f00 | 00ff d049 
  0x000001e38fbad560: 8be4 4c8b | 3c24 4c8b | 7424 084c | 8b6c 2410 | 4c8b 6424 | 184c 8b5c | 2420 4c8b | 5424 284c 
  0x000001e38fbad580: 8b4c 2430 | 4c8b 4424 | 3848 8b7c | 2440 488b | 7424 4848 | 8b6c 2450 | 488b 5c24 | 6048 8b54 
  0x000001e38fbad5a0: 2468 488b | 4c24 7048 | 8b44 2478 | 4881 c480 | 0000 004d | 33e4 488b | 5de8 4c8b | 6b08 4d8d 
  0x000001e38fbad5c0: 6d38 4983 | 7f08 000f | 84bb 0000 | 00e8 0500 | 0000 e996 | 0000 0048 | 8d44 2408 | 4c89 6dc0 
  0x000001e38fbad5e0: 498b cfc5 | f877 4989 | afb0 0300 | 0049 8987 | a003 0000 | 4883 ec20 | 40f6 c40f | 0f84 1900 
  0x000001e38fbad600: 0000 4883 | ec08 48b8 | 006c d0c7 | ff7f 0000 | ffd0 4883 | c408 e90c | 0000 0048 | b800 6cd0 
  0x000001e38fbad620: c7ff 7f00 | 00ff d048 | 83c4 2049 | c787 a003 | 0000 0000 | 0000 49c7 | 87b0 0300 | 0000 0000 
  0x000001e38fbad640: 0049 c787 | a803 0000 | 0000 0000 | c5f8 7749 | 837f 0800 | 0f84 0500 | 0000 e961 | 38ff ff4c 
  0x000001e38fbad660: 8b6d c04c | 8b75 c84e | 8d74 f500 | c348 b940 | d52f c8ff | 7f00 0048 | 83e4 f048 | b860 4af6 
  0x000001e38fbad680: c7ff 7f00 | 00ff d0f4 | 448b 5b28 | 41f6 c320 | 0f84 7901 | 0000 488d | 55a8 4c8b | 5a08 4d85 
  0x000001e38fbad6a0: db0f 85bb | 0000 00e8 | 0500 0000 | e996 0000 | 0048 8d44 | 2408 4c89 | 6dc0 498b | cfc5 f877 
  0x000001e38fbad6c0: 4989 afb0 | 0300 0049 | 8987 a003 | 0000 4883 | ec20 40f6 | c40f 0f84 | 1900 0000 | 4883 ec08 
  0x000001e38fbad6e0: 48b8 306b | d0c7 ff7f | 0000 ffd0 | 4883 c408 | e90c 0000 | 0048 b830 | 6bd0 c7ff | 7f00 00ff 
  0x000001e38fbad700: d048 83c4 | 2049 c787 | a003 0000 | 0000 0000 | 49c7 87b0 | 0300 0000 | 0000 0049 | c787 a803 
  0x000001e38fbad720: 0000 0000 | 0000 c5f8 | 7749 837f | 0800 0f84 | 0500 0000 | e987 37ff | ff4c 8b6d | c04c 8b75 
  0x000001e38fbad740: c84e 8d74 | f500 c348 | b940 d52f | c8ff 7f00 | 0048 83e4 | f048 b860 | 4af6 c7ff | 7f00 00ff 
  0x000001e38fbad760: d0f4 4c89 | 6dc0 4c8b | 4a08 48c7 | 4208 0000 | 0000 458b | 8718 0600 | 004f 3b4c | 07f8 0f85 
  0x000001e38fbad780: 4900 0000 | 4183 af18 | 0600 0008 | 4f3b 4c07 | f00f 842a | 0000 0049 | 8b01 a802 | 0f85 1200 
  0x000001e38fbad7a0: 0000 4c8b | c049 83c8 | 01f0 4d0f | b101 0f84 | 0d00 0000 | 4183 8718 | 0600 0008 | e90c 0000 
  0x000001e38fbad7c0: 0049 ff8f | 5005 0000 | e93e 0000 | 004c 894a | 0848 8bca | 4883 ec20 | 40f6 c40f | 0f84 1900 
  0x000001e38fbad7e0: 0000 4883 | ec08 48b8 | f03d d0c7 | ff7f 0000 | ffd0 4883 | c408 e90c | 0000 0048 | b8f0 3dd0 
  0x000001e38fbad800: c7ff 7f00 | 00ff d048 | 83c4 204c | 8b6d c049 | ba41 ad57 | c8ff 7f00 | 0041 803a | 000f 843e 
  0x000001e38fbad820: 0000 0048 | 8b55 e849 | 8bcf 4883 | ec20 40f6 | c40f 0f84 | 1900 0000 | 4883 ec08 | 48b8 00ee 
  0x000001e38fbad840: 07c8 ff7f | 0000 ffd0 | 4883 c408 | e90c 0000 | 0048 b800 | ee07 c8ff | 7f00 00ff | d048 83c4 
  0x000001e38fbad860: 2048 8b04 | 2448 83c4 | 10c5 fb10 | 0424 4883 | c410 4c8b | 5d18 41ff | d34c 8b5d | f8c9 5f49 
  0x000001e38fbad880: 8be3 ffe7 | ba00 0000 | 00e8 0500 | 0000 e996 | 0000 0048 | 8d44 2408 | 4c89 6dc0 | 498b cfc5 
  0x000001e38fbad8a0: f877 4989 | afb0 0300 | 0049 8987 | a003 0000 | 4883 ec20 | 40f6 c40f | 0f84 1900 | 0000 4883 
  0x000001e38fbad8c0: ec08 48b8 | a031 d0c7 | ff7f 0000 | ffd0 4883 | c408 e90c | 0000 0048 | b8a0 31d0 | c7ff 7f00 
  0x000001e38fbad8e0: 00ff d048 | 83c4 2049 | c787 a003 | 0000 0000 | 0000 49c7 | 87b0 0300 | 0000 0000 | 0049 c787 
  0x000001e38fbad900: a803 0000 | 0000 0000 | c5f8 7749 | 837f 0800 | 0f84 0500 | 0000 e9a5 | 35ff ff4c | 8b6d c04c 
  0x000001e38fbad920: 8b75 c84e | 8d74 f500 | c348 8b5d | e8e9 26f6 | ffff 660f | 1f44 0000 
[/MachCode]

---------------  P R O C E S S  ---------------

Threads class SMR info:
_java_thread_list=0x000001e39bbfbf80, length=15, elements={
0x000001e39b7911a0, 0x000001e39b793fd0, 0x000001e39b794de0, 0x000001e39b797950,
0x000001e39b7983b0, 0x000001e39b798e10, 0x000001e39b79bbb0, 0x000001e39b79d740,
0x000001e39b7fe250, 0x000001e39b9c7ff0, 0x000001e39bb06680, 0x000001e39bb08d00,
0x000001e39bae72a0, 0x000001e39bb721f0, 0x000001e3fd0d86a0
}

Java Threads: ( => current thread )
  0x000001e39b7911a0 JavaThread "Reference Handler"          daemon [_thread_blocked, id=17492, stack(0x000000330be00000,0x000000330bf00000) (1024K)]
  0x000001e39b793fd0 JavaThread "Finalizer"                  daemon [_thread_blocked, id=14692, stack(0x000000330bf00000,0x000000330c000000) (1024K)]
  0x000001e39b794de0 JavaThread "Signal Dispatcher"          daemon [_thread_blocked, id=2760, stack(0x000000330c000000,0x000000330c100000) (1024K)]
  0x000001e39b797950 JavaThread "Attach Listener"            daemon [_thread_blocked, id=11460, stack(0x000000330c100000,0x000000330c200000) (1024K)]
  0x000001e39b7983b0 JavaThread "Service Thread"             daemon [_thread_blocked, id=6432, stack(0x000000330c200000,0x000000330c300000) (1024K)]
  0x000001e39b798e10 JavaThread "Monitor Deflation Thread"   daemon [_thread_blocked, id=13376, stack(0x000000330c300000,0x000000330c400000) (1024K)]
  0x000001e39b79bbb0 JavaThread "C2 CompilerThread0"         daemon [_thread_blocked, id=15820, stack(0x000000330c400000,0x000000330c500000) (1024K)]
  0x000001e39b79d740 JavaThread "C1 CompilerThread0"         daemon [_thread_blocked, id=18364, stack(0x000000330c500000,0x000000330c600000) (1024K)]
  0x000001e39b7fe250 JavaThread "Common-Cleaner"             daemon [_thread_blocked, id=2828, stack(0x000000330c600000,0x000000330c700000) (1024K)]
  0x000001e39b9c7ff0 JavaThread "Notification Thread"        daemon [_thread_blocked, id=17200, stack(0x000000330c700000,0x000000330c800000) (1024K)]
  0x000001e39bb06680 JavaThread "Java2D Disposer"            daemon [_thread_blocked, id=18148, stack(0x000000330c800000,0x000000330c900000) (1024K)]
  0x000001e39bb08d00 JavaThread "AWT-Shutdown"                      [_thread_blocked, id=11036, stack(0x000000330c900000,0x000000330ca00000) (1024K)]
=>0x000001e39bae72a0 JavaThread "AWT-Windows"                daemon [_thread_in_native, id=7140, stack(0x000000330ca00000,0x000000330cb00000) (1024K)]
  0x000001e39bb721f0 JavaThread "AWT-EventQueue-0"                  [_thread_in_native, id=16912, stack(0x000000330cb00000,0x000000330cc00000) (1024K)]
  0x000001e3fd0d86a0 JavaThread "DestroyJavaVM"                     [_thread_blocked, id=12932, stack(0x000000330b600000,0x000000330b700000) (1024K)]
Total: 15

Other Threads:
  0x000001e39b778610 VMThread "VM Thread"                           [id=6376, stack(0x000000330bd00000,0x000000330be00000) (1024K)]
  0x000001e39b763100 WatcherThread "VM Periodic Task Thread"        [id=11008, stack(0x000000330bc00000,0x000000330bd00000) (1024K)]
  0x000001e3ff317890 WorkerThread "GC Thread#0"                     [id=16600, stack(0x000000330b700000,0x000000330b800000) (1024K)]
  0x000001e3e2791910 WorkerThread "GC Thread#1"                     [id=3532, stack(0x000000330ce00000,0x000000330cf00000) (1024K)]
  0x000001e3e2791cc0 WorkerThread "GC Thread#2"                     [id=11472, stack(0x000000330cf00000,0x000000330d000000) (1024K)]
  0x000001e3e2792070 WorkerThread "GC Thread#3"                     [id=10252, stack(0x000000330d000000,0x000000330d100000) (1024K)]
  0x000001e3ff32c480 ConcurrentGCThread "G1 Main Marker"            [id=6076, stack(0x000000330b800000,0x000000330b900000) (1024K)]
  0x000001e3ff32cf90 WorkerThread "G1 Conc#0"                       [id=14600, stack(0x000000330b900000,0x000000330ba00000) (1024K)]
  0x000001e3ff38d440 ConcurrentGCThread "G1 Refine#0"               [id=14440, stack(0x000000330ba00000,0x000000330bb00000) (1024K)]
  0x000001e39b629100 ConcurrentGCThread "G1 Service"                [id=18292, stack(0x000000330bb00000,0x000000330bc00000) (1024K)]
Total: 10

Threads with active compile tasks:
Total: 0

VM state: not at safepoint (normal execution)

VM Mutex/Monitor currently owned by a thread: None

Heap address: 0x0000000081c00000, size: 2020 MB, Compressed Oops mode: 32-bit

CDS archive(s) mapped at: [0x000001e39c000000-0x000001e39cd70000-0x000001e39cd70000), size 14090240, SharedBaseAddress: 0x000001e39c000000, ArchiveRelocationMode: 1.
Compressed class space mapped at: 0x000001e39d000000-0x000001e3dd000000, reserved size: 1073741824
Narrow klass base: 0x000001e39c000000, Narrow klass shift: 0, Narrow klass range: 0x41000000

GC Precious Log:
 CardTable entry size: 512
 Card Set container configuration: InlinePtr #cards 5 size 8 Array Of Cards #cards 10 size 36 Howl #buckets 4 coarsen threshold 1843 Howl Bitmap #cards 512 size 80 coarsen threshold 460 Card regions per heap region 1 cards per card region 2048
 CPUs: 4 total, 4 available
 Memory: 8075M
 Large Page Support: Disabled
 NUMA Support: Disabled
 Compressed Oops: Enabled (32-bit)
 Heap Region Size: 1M
 Heap Min Capacity: 8M
 Heap Initial Capacity: 128M
 Heap Max Capacity: 2020M
 Pre-touch: Disabled
 Parallel Workers: 4
 Concurrent Workers: 1
 Concurrent Refinement Workers: 4
 Periodic GC: Disabled

Heap:
 garbage-first heap   total reserved 2068480K, committed 131072K, used 29752K [0x0000000081c00000, 0x0000000100000000)
  region size 1024K, 3 young (3072K), 1 survivors (1024K)
 Metaspace       used 10299K, committed 10496K, reserved 1114112K
  class space    used 1187K, committed 1280K, reserved 1048576K

Heap Regions: E=young(eden), S=young(survivor), O=old, HS=humongous(starts), HC=humongous(continues), CS=collection set, F=free, TAMS=top-at-mark-start, PB=parsable bottom
|   0|0x0000000081c00000, 0x0000000081d00000, 0x0000000081d00000|100%|HS|  |TAMS 0x0000000081c00000| PB 0x0000000081c00000| Complete |  0
|   1|0x0000000081d00000, 0x0000000081e00000, 0x0000000081e00000|100%|HC|  |TAMS 0x0000000081d00000| PB 0x0000000081d00000| Complete |  0
|   2|0x0000000081e00000, 0x0000000081f00000, 0x0000000081f00000|100%|HC|  |TAMS 0x0000000081e00000| PB 0x0000000081e00000| Complete |  0
|   3|0x0000000081f00000, 0x0000000082000000, 0x0000000082000000|100%|HC|  |TAMS 0x0000000081f00000| PB 0x0000000081f00000| Complete |  0
|   4|0x0000000082000000, 0x0000000082100000, 0x0000000082100000|100%|HC|  |TAMS 0x0000000082000000| PB 0x0000000082000000| Complete |  0
|   5|0x0000000082100000, 0x0000000082200000, 0x0000000082200000|100%|HC|  |TAMS 0x0000000082100000| PB 0x0000000082100000| Complete |  0
|   6|0x0000000082200000, 0x0000000082300000, 0x0000000082300000|100%|HC|  |TAMS 0x0000000082200000| PB 0x0000000082200000| Complete |  0
|   7|0x0000000082300000, 0x0000000082400000, 0x0000000082400000|100%|HC|  |TAMS 0x0000000082300000| PB 0x0000000082300000| Complete |  0
|   8|0x0000000082400000, 0x0000000082500000, 0x0000000082500000|100%| O|  |TAMS 0x0000000082400000| PB 0x0000000082400000| Untracked |  0
|   9|0x0000000082500000, 0x0000000082600000, 0x0000000082600000|100%| O|  |TAMS 0x0000000082500000| PB 0x0000000082500000| Untracked |  0
|  10|0x0000000082600000, 0x0000000082700000, 0x0000000082700000|100%|HS|  |TAMS 0x0000000082600000| PB 0x0000000082600000| Complete |  0
|  11|0x0000000082700000, 0x0000000082800000, 0x0000000082800000|100%|HC|  |TAMS 0x0000000082700000| PB 0x0000000082700000| Complete |  0
|  12|0x0000000082800000, 0x0000000082900000, 0x0000000082900000|100%|HC|  |TAMS 0x0000000082800000| PB 0x0000000082800000| Complete |  0
|  13|0x0000000082900000, 0x0000000082a00000, 0x0000000082a00000|100%|HC|  |TAMS 0x0000000082900000| PB 0x0000000082900000| Complete |  0
|  14|0x0000000082a00000, 0x0000000082b00000, 0x0000000082b00000|100%|HC|  |TAMS 0x0000000082a00000| PB 0x0000000082a00000| Complete |  0
|  15|0x0000000082b00000, 0x0000000082c00000, 0x0000000082c00000|100%|HC|  |TAMS 0x0000000082b00000| PB 0x0000000082b00000| Complete |  0
|  16|0x0000000082c00000, 0x0000000082d00000, 0x0000000082d00000|100%|HC|  |TAMS 0x0000000082c00000| PB 0x0000000082c00000| Complete |  0
|  17|0x0000000082d00000, 0x0000000082e00000, 0x0000000082e00000|100%|HC|  |TAMS 0x0000000082d00000| PB 0x0000000082d00000| Complete |  0
|  18|0x0000000082e00000, 0x0000000082f00000, 0x0000000082f00000|100%|HS|  |TAMS 0x0000000082e00000| PB 0x0000000082e00000| Complete |  0
|  19|0x0000000082f00000, 0x0000000083000000, 0x0000000083000000|100%|HC|  |TAMS 0x0000000082f00000| PB 0x0000000082f00000| Complete |  0
|  20|0x0000000083000000, 0x0000000083100000, 0x0000000083100000|100%|HC|  |TAMS 0x0000000083000000| PB 0x0000000083000000| Complete |  0
|  21|0x0000000083100000, 0x0000000083200000, 0x0000000083200000|100%|HC|  |TAMS 0x0000000083100000| PB 0x0000000083100000| Complete |  0
|  22|0x0000000083200000, 0x0000000083300000, 0x0000000083300000|100%|HC|  |TAMS 0x0000000083200000| PB 0x0000000083200000| Complete |  0
|  23|0x0000000083300000, 0x0000000083400000, 0x0000000083400000|100%|HC|  |TAMS 0x0000000083300000| PB 0x0000000083300000| Complete |  0
|  24|0x0000000083400000, 0x0000000083500000, 0x0000000083500000|100%|HC|  |TAMS 0x0000000083400000| PB 0x0000000083400000| Complete |  0
|  25|0x0000000083500000, 0x0000000083600000, 0x0000000083600000|100%|HC|  |TAMS 0x0000000083500000| PB 0x0000000083500000| Complete |  0
|  26|0x0000000083600000, 0x0000000083700000, 0x0000000083700000|100%| O|  |TAMS 0x0000000083600000| PB 0x0000000083600000| Untracked |  0
|  27|0x0000000083700000, 0x0000000083734820, 0x0000000083800000| 20%| O|  |TAMS 0x0000000083700000| PB 0x0000000083700000| Untracked |  0
|  28|0x0000000083800000, 0x0000000083800000, 0x0000000083900000|  0%| F|  |TAMS 0x0000000083800000| PB 0x0000000083800000| Untracked |  0
|  29|0x0000000083900000, 0x0000000083900000, 0x0000000083a00000|  0%| F|  |TAMS 0x0000000083900000| PB 0x0000000083900000| Untracked |  0
|  30|0x0000000083a00000, 0x0000000083a00000, 0x0000000083b00000|  0%| F|  |TAMS 0x0000000083a00000| PB 0x0000000083a00000| Untracked |  0
|  31|0x0000000083b00000, 0x0000000083b00000, 0x0000000083c00000|  0%| F|  |TAMS 0x0000000083b00000| PB 0x0000000083b00000| Untracked |  0
|  32|0x0000000083c00000, 0x0000000083c00000, 0x0000000083d00000|  0%| F|  |TAMS 0x0000000083c00000| PB 0x0000000083c00000| Untracked |  0
|  33|0x0000000083d00000, 0x0000000083d00000, 0x0000000083e00000|  0%| F|  |TAMS 0x0000000083d00000| PB 0x0000000083d00000| Untracked |  0
|  34|0x0000000083e00000, 0x0000000083e00000, 0x0000000083f00000|  0%| F|  |TAMS 0x0000000083e00000| PB 0x0000000083e00000| Untracked |  0
|  35|0x0000000083f00000, 0x0000000083f00000, 0x0000000084000000|  0%| F|  |TAMS 0x0000000083f00000| PB 0x0000000083f00000| Untracked |  0
|  36|0x0000000084000000, 0x0000000084000000, 0x0000000084100000|  0%| F|  |TAMS 0x0000000084000000| PB 0x0000000084000000| Untracked |  0
|  37|0x0000000084100000, 0x0000000084100000, 0x0000000084200000|  0%| F|  |TAMS 0x0000000084100000| PB 0x0000000084100000| Untracked |  0
|  38|0x0000000084200000, 0x0000000084200000, 0x0000000084300000|  0%| F|  |TAMS 0x0000000084200000| PB 0x0000000084200000| Untracked |  0
|  39|0x0000000084300000, 0x0000000084300000, 0x0000000084400000|  0%| F|  |TAMS 0x0000000084300000| PB 0x0000000084300000| Untracked |  0
|  40|0x0000000084400000, 0x0000000084400000, 0x0000000084500000|  0%| F|  |TAMS 0x0000000084400000| PB 0x0000000084400000| Untracked |  0
|  41|0x0000000084500000, 0x0000000084500000, 0x0000000084600000|  0%| F|  |TAMS 0x0000000084500000| PB 0x0000000084500000| Untracked |  0
|  42|0x0000000084600000, 0x0000000084600000, 0x0000000084700000|  0%| F|  |TAMS 0x0000000084600000| PB 0x0000000084600000| Untracked |  0
|  43|0x0000000084700000, 0x0000000084700000, 0x0000000084800000|  0%| F|  |TAMS 0x0000000084700000| PB 0x0000000084700000| Untracked |  0
|  44|0x0000000084800000, 0x0000000084800000, 0x0000000084900000|  0%| F|  |TAMS 0x0000000084800000| PB 0x0000000084800000| Untracked |  0
|  45|0x0000000084900000, 0x0000000084900000, 0x0000000084a00000|  0%| F|  |TAMS 0x0000000084900000| PB 0x0000000084900000| Untracked |  0
|  46|0x0000000084a00000, 0x0000000084a00000, 0x0000000084b00000|  0%| F|  |TAMS 0x0000000084a00000| PB 0x0000000084a00000| Untracked |  0
|  47|0x0000000084b00000, 0x0000000084b00000, 0x0000000084c00000|  0%| F|  |TAMS 0x0000000084b00000| PB 0x0000000084b00000| Untracked |  0
|  48|0x0000000084c00000, 0x0000000084c00000, 0x0000000084d00000|  0%| F|  |TAMS 0x0000000084c00000| PB 0x0000000084c00000| Untracked |  0
|  49|0x0000000084d00000, 0x0000000084d00000, 0x0000000084e00000|  0%| F|  |TAMS 0x0000000084d00000| PB 0x0000000084d00000| Untracked |  0
|  50|0x0000000084e00000, 0x0000000084e00000, 0x0000000084f00000|  0%| F|  |TAMS 0x0000000084e00000| PB 0x0000000084e00000| Untracked |  0
|  51|0x0000000084f00000, 0x0000000084f00000, 0x0000000085000000|  0%| F|  |TAMS 0x0000000084f00000| PB 0x0000000084f00000| Untracked |  0
|  52|0x0000000085000000, 0x0000000085000000, 0x0000000085100000|  0%| F|  |TAMS 0x0000000085000000| PB 0x0000000085000000| Untracked |  0
|  53|0x0000000085100000, 0x0000000085100000, 0x0000000085200000|  0%| F|  |TAMS 0x0000000085100000| PB 0x0000000085100000| Untracked |  0
|  54|0x0000000085200000, 0x0000000085200000, 0x0000000085300000|  0%| F|  |TAMS 0x0000000085200000| PB 0x0000000085200000| Untracked |  0
|  55|0x0000000085300000, 0x0000000085300000, 0x0000000085400000|  0%| F|  |TAMS 0x0000000085300000| PB 0x0000000085300000| Untracked |  0
|  56|0x0000000085400000, 0x0000000085400000, 0x0000000085500000|  0%| F|  |TAMS 0x0000000085400000| PB 0x0000000085400000| Untracked |  0
|  57|0x0000000085500000, 0x0000000085500000, 0x0000000085600000|  0%| F|  |TAMS 0x0000000085500000| PB 0x0000000085500000| Untracked |  0
|  58|0x0000000085600000, 0x0000000085600000, 0x0000000085700000|  0%| F|  |TAMS 0x0000000085600000| PB 0x0000000085600000| Untracked |  0
|  59|0x0000000085700000, 0x0000000085700000, 0x0000000085800000|  0%| F|  |TAMS 0x0000000085700000| PB 0x0000000085700000| Untracked |  0
|  60|0x0000000085800000, 0x0000000085800000, 0x0000000085900000|  0%| F|  |TAMS 0x0000000085800000| PB 0x0000000085800000| Untracked |  0
|  61|0x0000000085900000, 0x0000000085900000, 0x0000000085a00000|  0%| F|  |TAMS 0x0000000085900000| PB 0x0000000085900000| Untracked |  0
|  62|0x0000000085a00000, 0x0000000085a00000, 0x0000000085b00000|  0%| F|  |TAMS 0x0000000085a00000| PB 0x0000000085a00000| Untracked |  0
|  63|0x0000000085b00000, 0x0000000085b00000, 0x0000000085c00000|  0%| F|  |TAMS 0x0000000085b00000| PB 0x0000000085b00000| Untracked |  0
|  64|0x0000000085c00000, 0x0000000085c00000, 0x0000000085d00000|  0%| F|  |TAMS 0x0000000085c00000| PB 0x0000000085c00000| Untracked |  0
|  65|0x0000000085d00000, 0x0000000085d00000, 0x0000000085e00000|  0%| F|  |TAMS 0x0000000085d00000| PB 0x0000000085d00000| Untracked |  0
|  66|0x0000000085e00000, 0x0000000085e00000, 0x0000000085f00000|  0%| F|  |TAMS 0x0000000085e00000| PB 0x0000000085e00000| Untracked |  0
|  67|0x0000000085f00000, 0x0000000085f00000, 0x0000000086000000|  0%| F|  |TAMS 0x0000000085f00000| PB 0x0000000085f00000| Untracked |  0
|  68|0x0000000086000000, 0x0000000086000000, 0x0000000086100000|  0%| F|  |TAMS 0x0000000086000000| PB 0x0000000086000000| Untracked |  0
|  69|0x0000000086100000, 0x0000000086100000, 0x0000000086200000|  0%| F|  |TAMS 0x0000000086100000| PB 0x0000000086100000| Untracked |  0
|  70|0x0000000086200000, 0x0000000086200000, 0x0000000086300000|  0%| F|  |TAMS 0x0000000086200000| PB 0x0000000086200000| Untracked |  0
|  71|0x0000000086300000, 0x0000000086300000, 0x0000000086400000|  0%| F|  |TAMS 0x0000000086300000| PB 0x0000000086300000| Untracked |  0
|  72|0x0000000086400000, 0x0000000086400000, 0x0000000086500000|  0%| F|  |TAMS 0x0000000086400000| PB 0x0000000086400000| Untracked |  0
|  73|0x0000000086500000, 0x0000000086500000, 0x0000000086600000|  0%| F|  |TAMS 0x0000000086500000| PB 0x0000000086500000| Untracked |  0
|  74|0x0000000086600000, 0x0000000086600000, 0x0000000086700000|  0%| F|  |TAMS 0x0000000086600000| PB 0x0000000086600000| Untracked |  0
|  75|0x0000000086700000, 0x0000000086700000, 0x0000000086800000|  0%| F|  |TAMS 0x0000000086700000| PB 0x0000000086700000| Untracked |  0
|  76|0x0000000086800000, 0x0000000086800000, 0x0000000086900000|  0%| F|  |TAMS 0x0000000086800000| PB 0x0000000086800000| Untracked |  0
|  77|0x0000000086900000, 0x0000000086900000, 0x0000000086a00000|  0%| F|  |TAMS 0x0000000086900000| PB 0x0000000086900000| Untracked |  0
|  78|0x0000000086a00000, 0x0000000086a00000, 0x0000000086b00000|  0%| F|  |TAMS 0x0000000086a00000| PB 0x0000000086a00000| Untracked |  0
|  79|0x0000000086b00000, 0x0000000086b00000, 0x0000000086c00000|  0%| F|  |TAMS 0x0000000086b00000| PB 0x0000000086b00000| Untracked |  0
|  80|0x0000000086c00000, 0x0000000086c00000, 0x0000000086d00000|  0%| F|  |TAMS 0x0000000086c00000| PB 0x0000000086c00000| Untracked |  0
|  81|0x0000000086d00000, 0x0000000086d00000, 0x0000000086e00000|  0%| F|  |TAMS 0x0000000086d00000| PB 0x0000000086d00000| Untracked |  0
|  82|0x0000000086e00000, 0x0000000086e00000, 0x0000000086f00000|  0%| F|  |TAMS 0x0000000086e00000| PB 0x0000000086e00000| Untracked |  0
|  83|0x0000000086f00000, 0x0000000086f00000, 0x0000000087000000|  0%| F|  |TAMS 0x0000000086f00000| PB 0x0000000086f00000| Untracked |  0
|  84|0x0000000087000000, 0x0000000087000000, 0x0000000087100000|  0%| F|  |TAMS 0x0000000087000000| PB 0x0000000087000000| Untracked |  0
|  85|0x0000000087100000, 0x0000000087100000, 0x0000000087200000|  0%| F|  |TAMS 0x0000000087100000| PB 0x0000000087100000| Untracked |  0
|  86|0x0000000087200000, 0x0000000087200000, 0x0000000087300000|  0%| F|  |TAMS 0x0000000087200000| PB 0x0000000087200000| Untracked |  0
|  87|0x0000000087300000, 0x0000000087300000, 0x0000000087400000|  0%| F|  |TAMS 0x0000000087300000| PB 0x0000000087300000| Untracked |  0
|  88|0x0000000087400000, 0x0000000087400000, 0x0000000087500000|  0%| F|  |TAMS 0x0000000087400000| PB 0x0000000087400000| Untracked |  0
|  89|0x0000000087500000, 0x0000000087500000, 0x0000000087600000|  0%| F|  |TAMS 0x0000000087500000| PB 0x0000000087500000| Untracked |  0
|  90|0x0000000087600000, 0x0000000087600000, 0x0000000087700000|  0%| F|  |TAMS 0x0000000087600000| PB 0x0000000087600000| Untracked |  0
|  91|0x0000000087700000, 0x0000000087700000, 0x0000000087800000|  0%| F|  |TAMS 0x0000000087700000| PB 0x0000000087700000| Untracked |  0
|  92|0x0000000087800000, 0x0000000087800000, 0x0000000087900000|  0%| F|  |TAMS 0x0000000087800000| PB 0x0000000087800000| Untracked |  0
|  93|0x0000000087900000, 0x0000000087900000, 0x0000000087a00000|  0%| F|  |TAMS 0x0000000087900000| PB 0x0000000087900000| Untracked |  0
|  94|0x0000000087a00000, 0x0000000087a00000, 0x0000000087b00000|  0%| F|  |TAMS 0x0000000087a00000| PB 0x0000000087a00000| Untracked |  0
|  95|0x0000000087b00000, 0x0000000087b00000, 0x0000000087c00000|  0%| F|  |TAMS 0x0000000087b00000| PB 0x0000000087b00000| Untracked |  0
|  96|0x0000000087c00000, 0x0000000087c00000, 0x0000000087d00000|  0%| F|  |TAMS 0x0000000087c00000| PB 0x0000000087c00000| Untracked |  0
|  97|0x0000000087d00000, 0x0000000087d00000, 0x0000000087e00000|  0%| F|  |TAMS 0x0000000087d00000| PB 0x0000000087d00000| Untracked |  0
|  98|0x0000000087e00000, 0x0000000087e00000, 0x0000000087f00000|  0%| F|  |TAMS 0x0000000087e00000| PB 0x0000000087e00000| Untracked |  0
|  99|0x0000000087f00000, 0x0000000087f00000, 0x0000000088000000|  0%| F|  |TAMS 0x0000000087f00000| PB 0x0000000087f00000| Untracked |  0
| 100|0x0000000088000000, 0x0000000088000000, 0x0000000088100000|  0%| F|  |TAMS 0x0000000088000000| PB 0x0000000088000000| Untracked |  0
| 101|0x0000000088100000, 0x0000000088100000, 0x0000000088200000|  0%| F|  |TAMS 0x0000000088100000| PB 0x0000000088100000| Untracked |  0
| 102|0x0000000088200000, 0x0000000088200000, 0x0000000088300000|  0%| F|  |TAMS 0x0000000088200000| PB 0x0000000088200000| Untracked |  0
| 103|0x0000000088300000, 0x0000000088300000, 0x0000000088400000|  0%| F|  |TAMS 0x0000000088300000| PB 0x0000000088300000| Untracked |  0
| 104|0x0000000088400000, 0x0000000088400000, 0x0000000088500000|  0%| F|  |TAMS 0x0000000088400000| PB 0x0000000088400000| Untracked |  0
| 105|0x0000000088500000, 0x0000000088500000, 0x0000000088600000|  0%| F|  |TAMS 0x0000000088500000| PB 0x0000000088500000| Untracked |  0
| 106|0x0000000088600000, 0x0000000088600000, 0x0000000088700000|  0%| F|  |TAMS 0x0000000088600000| PB 0x0000000088600000| Untracked |  0
| 107|0x0000000088700000, 0x0000000088700000, 0x0000000088800000|  0%| F|  |TAMS 0x0000000088700000| PB 0x0000000088700000| Untracked |  0
| 108|0x0000000088800000, 0x0000000088800000, 0x0000000088900000|  0%| F|  |TAMS 0x0000000088800000| PB 0x0000000088800000| Untracked |  0
| 109|0x0000000088900000, 0x0000000088900000, 0x0000000088a00000|  0%| F|  |TAMS 0x0000000088900000| PB 0x0000000088900000| Untracked |  0
| 110|0x0000000088a00000, 0x0000000088a00000, 0x0000000088b00000|  0%| F|  |TAMS 0x0000000088a00000| PB 0x0000000088a00000| Untracked |  0
| 111|0x0000000088b00000, 0x0000000088b00000, 0x0000000088c00000|  0%| F|  |TAMS 0x0000000088b00000| PB 0x0000000088b00000| Untracked |  0
| 112|0x0000000088c00000, 0x0000000088c00000, 0x0000000088d00000|  0%| F|  |TAMS 0x0000000088c00000| PB 0x0000000088c00000| Untracked |  0
| 113|0x0000000088d00000, 0x0000000088d00000, 0x0000000088e00000|  0%| F|  |TAMS 0x0000000088d00000| PB 0x0000000088d00000| Untracked |  0
| 114|0x0000000088e00000, 0x0000000088ed9810, 0x0000000088f00000| 84%| S|CS|TAMS 0x0000000088e00000| PB 0x0000000088e00000| Complete |  0
| 115|0x0000000088f00000, 0x0000000088f00000, 0x0000000089000000|  0%| F|  |TAMS 0x0000000088f00000| PB 0x0000000088f00000| Untracked |  0
| 116|0x0000000089000000, 0x0000000089000000, 0x0000000089100000|  0%| F|  |TAMS 0x0000000089000000| PB 0x0000000089000000| Untracked |  0
| 117|0x0000000089100000, 0x0000000089100000, 0x0000000089200000|  0%| F|  |TAMS 0x0000000089100000| PB 0x0000000089100000| Untracked |  0
| 118|0x0000000089200000, 0x0000000089200000, 0x0000000089300000|  0%| F|  |TAMS 0x0000000089200000| PB 0x0000000089200000| Untracked |  0
| 119|0x0000000089300000, 0x0000000089300000, 0x0000000089400000|  0%| F|  |TAMS 0x0000000089300000| PB 0x0000000089300000| Untracked |  0
| 120|0x0000000089400000, 0x0000000089400000, 0x0000000089500000|  0%| F|  |TAMS 0x0000000089400000| PB 0x0000000089400000| Untracked |  0
| 121|0x0000000089500000, 0x0000000089500000, 0x0000000089600000|  0%| F|  |TAMS 0x0000000089500000| PB 0x0000000089500000| Untracked |  0
| 122|0x0000000089600000, 0x0000000089600000, 0x0000000089700000|  0%| F|  |TAMS 0x0000000089600000| PB 0x0000000089600000| Untracked |  0
| 123|0x0000000089700000, 0x0000000089700000, 0x0000000089800000|  0%| F|  |TAMS 0x0000000089700000| PB 0x0000000089700000| Untracked |  0
| 124|0x0000000089800000, 0x0000000089800000, 0x0000000089900000|  0%| F|  |TAMS 0x0000000089800000| PB 0x0000000089800000| Untracked |  0
| 125|0x0000000089900000, 0x0000000089900000, 0x0000000089a00000|  0%| F|  |TAMS 0x0000000089900000| PB 0x0000000089900000| Untracked |  0
| 126|0x0000000089a00000, 0x0000000089a2a990, 0x0000000089b00000| 16%| E|  |TAMS 0x0000000089a00000| PB 0x0000000089a00000| Complete |  0
| 127|0x0000000089b00000, 0x0000000089c00000, 0x0000000089c00000|100%| E|CS|TAMS 0x0000000089b00000| PB 0x0000000089b00000| Complete |  0

Card table byte_map: [0x000001e3ff790000,0x000001e3ffb90000] _byte_map_base: 0x000001e3ff382000

Marking Bits: (CMBitMap*) 0x000001e3ff317fa0
 Bits: [0x000001e397670000, 0x000001e399600000)

Polling page: 0x000001e3fea90000

Metaspace:

Usage:
  Non-class:      8.90 MB used.
      Class:      1.16 MB used.
       Both:     10.06 MB used.

Virtual space:
  Non-class space:       64.00 MB reserved,       9.00 MB ( 14%) committed,  1 nodes.
      Class space:        1.00 GB reserved,       1.25 MB ( <1%) committed,  1 nodes.
             Both:        1.06 GB reserved,      10.25 MB ( <1%) committed. 

Chunk freelists:
   Non-Class:  7.00 MB
       Class:  14.72 MB
        Both:  21.72 MB

MaxMetaspaceSize: unlimited
CompressedClassSpaceSize: 1.00 GB
Initial GC threshold: 21.00 MB
Current GC threshold: 21.00 MB
CDS: on
 - commit_granule_bytes: 65536.
 - commit_granule_words: 8192.
 - virtual_space_node_default_size: 8388608.
 - enlarge_chunks_in_place: 1.
 - use_allocation_guard: 0.


Internal statistics:

num_allocs_failed_limit: 0.
num_arena_births: 162.
num_arena_deaths: 0.
num_vsnodes_births: 2.
num_vsnodes_deaths: 0.
num_space_committed: 164.
num_space_uncommitted: 0.
num_chunks_returned_to_freelist: 0.
num_chunks_taken_from_freelist: 205.
num_chunk_merges: 0.
num_chunk_splits: 122.
num_chunks_enlarged: 56.
num_inconsistent_stats: 0.

CodeHeap 'non-profiled nmethods': size=120064Kb used=396Kb max_used=396Kb free=119667Kb
 bounds [0x000001e390130000, 0x000001e3903a0000, 0x000001e397670000]
CodeHeap 'profiled nmethods': size=120000Kb used=1805Kb max_used=1805Kb free=118195Kb
 bounds [0x000001e388670000, 0x000001e3888e0000, 0x000001e38fba0000]
CodeHeap 'non-nmethods': size=5696Kb used=1608Kb max_used=1629Kb free=4088Kb
 bounds [0x000001e38fba0000, 0x000001e38fe10000, 0x000001e390130000]
CodeCache: size=245760Kb, used=3809Kb, max_used=3830Kb, free=241950Kb
 total_blobs=2113, nmethods=1429, adapters=590, full_count=0
Compilation: enabled, stopped_count=0, restarted_count=0

Compilation events (20 events):
Event: 8226.145 Thread 0x000001e39b79d740 1421       3       sun.swing.SwingUtilities2::getFontMetrics (19 bytes)
Event: 8226.145 Thread 0x000001e39b79d740 nmethod 1421 0x000001e388830588 code [0x000001e3888306c0, 0x000001e388830858]
Event: 8226.145 Thread 0x000001e39b79bbb0 1417 %     4       java.awt.MultipleGradientPaintContext::interpolate @ 96 (202 bytes)
Event: 8226.145 Thread 0x000001e39b79d740 1422       3       sun.swing.SwingUtilities2::getFRCProperty (38 bytes)
Event: 8226.148 Thread 0x000001e39b79d740 nmethod 1422 0x000001e388830888 code [0x000001e3888309e0, 0x000001e388830dd0]
Event: 8226.148 Thread 0x000001e39b79d740 1423       3       sun.swing.SwingUtilities2::getFRCFromCache (128 bytes)
Event: 8226.149 Thread 0x000001e39b79d740 nmethod 1423 0x000001e388830e08 code [0x000001e388831000, 0x000001e388831b70]
Event: 8226.149 Thread 0x000001e39b79d740 1424       3       sun.swing.SwingUtilities2$KeyPair::<init> (15 bytes)
Event: 8226.150 Thread 0x000001e39b79d740 nmethod 1424 0x000001e388831c08 code [0x000001e388831d20, 0x000001e388831f40]
Event: 8226.150 Thread 0x000001e39b79d740 1425       3       sun.swing.SwingUtilities2$KeyPair::hashCode (19 bytes)
Event: 8226.150 Thread 0x000001e39b79d740 nmethod 1425 0x000001e388831f88 code [0x000001e3888320c0, 0x000001e388832380]
Event: 8226.153 Thread 0x000001e39b79d740 1426       3       sun.swing.SwingUtilities2$KeyPair::equals (48 bytes)
Event: 8226.153 Thread 0x000001e39b79d740 nmethod 1426 0x000001e388832408 code [0x000001e388832560, 0x000001e388832a98]
Event: 8226.153 Thread 0x000001e39b79d740 1427       3       sun.awt.SunHints$Value::equals (11 bytes)
Event: 8226.153 Thread 0x000001e39b79d740 nmethod 1427 0x000001e388832b08 code [0x000001e388832c20, 0x000001e388832d78]
Event: 8226.153 Thread 0x000001e39b79d740 1428       3       javax.swing.plaf.synth.SynthContext::isSubregion (8 bytes)
Event: 8226.154 Thread 0x000001e39b79d740 nmethod 1428 0x000001e388832e08 code [0x000001e388832f20, 0x000001e388833090]
Event: 8226.165 Thread 0x000001e39b79bbb0 nmethod 1417% 0x000001e390192708 code [0x000001e390192880, 0x000001e3901930b0]
Event: 8524.921 Thread 0x000001e39b79d740 1429       3       jdk.internal.misc.Unsafe::storeFence (5 bytes)
Event: 8524.921 Thread 0x000001e39b79d740 nmethod 1429 0x000001e388833108 code [0x000001e388833220, 0x000001e388833340]

GC Heap History (4 events):
Event: 2.001 GC heap before
{Heap before GC invocations=0 (full 0):
 garbage-first heap   total reserved 2068480K, committed 131072K, used 21504K [0x0000000081c00000, 0x0000000100000000)
  region size 1024K, 14 young (14336K), 0 survivors (0K)
 Metaspace       used 8212K, committed 8512K, reserved 1114112K
  class space    used 953K, committed 1088K, reserved 1048576K
}
Event: 2.014 GC heap after
{Heap after GC invocations=1 (full 0):
 garbage-first heap   total reserved 2068480K, committed 131072K, used 11360K [0x0000000081c00000, 0x0000000100000000)
  region size 1024K, 2 young (2048K), 2 survivors (2048K)
 Metaspace       used 8212K, committed 8512K, reserved 1114112K
  class space    used 953K, committed 1088K, reserved 1048576K
}
Event: 2.822 GC heap before
{Heap before GC invocations=1 (full 0):
 garbage-first heap   total reserved 2068480K, committed 131072K, used 41056K [0x0000000081c00000, 0x0000000100000000)
  region size 1024K, 15 young (15360K), 2 survivors (2048K)
 Metaspace       used 10052K, committed 10240K, reserved 1114112K
  class space    used 1163K, committed 1280K, reserved 1048576K
}
Event: 2.829 GC heap after
{Heap after GC invocations=2 (full 0):
 garbage-first heap   total reserved 2068480K, committed 131072K, used 28728K [0x0000000081c00000, 0x0000000100000000)
  region size 1024K, 1 young (1024K), 1 survivors (1024K)
 Metaspace       used 10052K, committed 10240K, reserved 1114112K
  class space    used 1163K, committed 1280K, reserved 1048576K
}

Dll operation events (10 events):
Event: 0.023 Loaded shared library C:\Program Files\Java\jdk-23\bin\java.dll
Event: 0.306 Loaded shared library C:\Program Files\Java\jdk-23\bin\jsvml.dll
Event: 0.366 Loaded shared library C:\Program Files\Java\jdk-23\bin\net.dll
Event: 0.455 Loaded shared library C:\Program Files\Java\jdk-23\bin\nio.dll
Event: 0.628 Loaded shared library C:\Program Files\Java\jdk-23\bin\zip.dll
Event: 0.690 Loaded shared library C:\Program Files\Java\jdk-23\bin\jimage.dll
Event: 0.741 Loaded shared library C:\Program Files\Java\jdk-23\bin\awt.dll
Event: 1.214 Loaded shared library C:\Program Files\Java\jdk-23\bin\freetype.dll
Event: 1.216 Loaded shared library C:\Program Files\Java\jdk-23\bin\fontmanager.dll
Event: 1.914 Loaded shared library C:\Program Files\Java\jdk-23\bin\javajpeg.dll

Deoptimization events (20 events):
Event: 2.573 Thread 0x000001e39bb721f0 DEOPT PACKING pc=0x000001e390141428 sp=0x000000330cbfe240
Event: 2.573 Thread 0x000001e39bb721f0 DEOPT UNPACKING pc=0x000001e38fbf4402 sp=0x000000330cbfe1c8 mode 2
Event: 2.588 Thread 0x000001e39bb721f0 Uncommon trap: trap_request=0xffffffde fr.pc=0x000001e390141428 relative=0x00000000000001a8
Event: 2.588 Thread 0x000001e39bb721f0 Uncommon trap: reason=class_check action=maybe_recompile pc=0x000001e390141428 method=java.lang.String.equals(Ljava/lang/Object;)Z @ 8 c2
Event: 2.588 Thread 0x000001e39bb721f0 DEOPT PACKING pc=0x000001e390141428 sp=0x000000330cbfe3e0
Event: 2.588 Thread 0x000001e39bb721f0 DEOPT UNPACKING pc=0x000001e38fbf4402 sp=0x000000330cbfe368 mode 2
Event: 2.637 Thread 0x000001e39bb721f0 Uncommon trap: trap_request=0xffffffde fr.pc=0x000001e390141428 relative=0x00000000000001a8
Event: 2.637 Thread 0x000001e39bb721f0 Uncommon trap: reason=class_check action=maybe_recompile pc=0x000001e390141428 method=java.lang.String.equals(Ljava/lang/Object;)Z @ 8 c2
Event: 2.637 Thread 0x000001e39bb721f0 DEOPT PACKING pc=0x000001e390141428 sp=0x000000330cbfe380
Event: 2.637 Thread 0x000001e39bb721f0 DEOPT UNPACKING pc=0x000001e38fbf4402 sp=0x000000330cbfe308 mode 2
Event: 2.860 Thread 0x000001e39bb721f0 Uncommon trap: trap_request=0xffffff45 fr.pc=0x000001e390174e90 relative=0x0000000000000870
Event: 2.860 Thread 0x000001e39bb721f0 Uncommon trap: reason=unstable_if action=reinterpret pc=0x000001e390174e90 method=java.lang.ref.SoftReference.get()Ljava/lang/Object; @ 17 c2
Event: 2.860 Thread 0x000001e39bb721f0 DEOPT PACKING pc=0x000001e390174e90 sp=0x000000330cbfddc0
Event: 2.860 Thread 0x000001e39bb721f0 DEOPT UNPACKING pc=0x000001e38fbf4402 sp=0x000000330cbfdc80 mode 2
Event: 4626.318 Thread 0x000001e39bb721f0 DEOPT PACKING pc=0x000001e388810b1e sp=0x000000330cbfd380
Event: 4626.319 Thread 0x000001e39bb721f0 DEOPT UNPACKING pc=0x000001e38fbf4b22 sp=0x000000330cbfc730 mode 0
Event: 4626.326 Thread 0x000001e39bb721f0 DEOPT PACKING pc=0x000001e38880c443 sp=0x000000330cbfd280
Event: 4626.326 Thread 0x000001e39bb721f0 DEOPT UNPACKING pc=0x000001e38fbf4b22 sp=0x000000330cbfc730 mode 0
Event: 8226.145 Thread 0x000001e39bb721f0 DEOPT PACKING pc=0x000001e38881398f sp=0x000000330cbfd2b0
Event: 8226.145 Thread 0x000001e39bb721f0 DEOPT UNPACKING pc=0x000001e38fbf4b22 sp=0x000000330cbfc768 mode 0

Classes loaded (20 events):
Event: 2.858 Loading class sun/awt/windows/WInputMethod
Event: 2.859 Loading class sun/awt/im/InputMethodAdapter
Event: 2.859 Loading class java/awt/im/spi/InputMethod
Event: 2.859 Loading class java/awt/im/spi/InputMethod done
Event: 2.859 Loading class sun/awt/im/InputMethodAdapter done
Event: 2.859 Loading class sun/awt/windows/WInputMethod done
Event: 2.876 Loading class sun/awt/im/CompositionAreaHandler
Event: 2.885 Loading class sun/awt/im/CompositionAreaHandler done
Event: 2.885 Loading class java/text/AttributedString
Event: 2.890 Loading class java/text/AttributedString done
Event: 2.890 Loading class java/text/AttributedString$AttributedStringIterator
Event: 2.895 Loading class java/text/AttributedCharacterIterator
Event: 2.897 Loading class java/text/AttributedCharacterIterator done
Event: 2.897 Loading class java/text/AttributedString$AttributedStringIterator done
Event: 2.897 Loading class java/awt/event/ContainerEvent
Event: 2.897 Loading class java/awt/event/ContainerEvent done
Event: 2.898 Loading class java/applet/Applet
Event: 2.899 Loading class java/applet/Applet done
Event: 2.899 Loading class java/awt/TextComponent
Event: 2.900 Loading class java/awt/TextComponent done

Classes unloaded (0 events):
No events

Classes redefined (0 events):
No events

Internal exceptions (20 events):
Event: 1.361 Thread 0x000001e3fd0d86a0 Exception <a 'java/lang/ClassNotFoundException'{0x0000000089639938}: ToolBar> (0x0000000089639938) 
thrown [s\open\src\hotspot\share\classfile\systemDictionary.cpp, line 313]
Event: 1.362 Thread 0x000001e3fd0d86a0 Exception <a 'java/lang/ClassNotFoundException'{0x0000000089639ca8}: ToggleButton> (0x0000000089639ca8) 
thrown [s\open\src\hotspot\share\classfile\systemDictionary.cpp, line 313]
Event: 1.363 Thread 0x000001e3fd0d86a0 Exception <a 'java/lang/ClassNotFoundException'{0x000000008963a0e8}: javax/swing/JToolBarSeparator> (0x000000008963a0e8) 
thrown [s\open\src\hotspot\share\classfile\systemDictionary.cpp, line 313]
Event: 1.363 Thread 0x000001e3fd0d86a0 Exception <a 'java/lang/ClassNotFoundException'{0x000000008963a3f8}: ToolBarSeparator> (0x000000008963a3f8) 
thrown [s\open\src\hotspot\share\classfile\systemDictionary.cpp, line 313]
Event: 1.363 Thread 0x000001e3fd0d86a0 Exception <a 'java/lang/ClassNotFoundException'{0x000000008963a910}: ToolTip> (0x000000008963a910) 
thrown [s\open\src\hotspot\share\classfile\systemDictionary.cpp, line 313]
Event: 1.365 Thread 0x000001e3fd0d86a0 Exception <a 'java/lang/ClassNotFoundException'{0x000000008963b260}: Tree> (0x000000008963b260) 
thrown [s\open\src\hotspot\share\classfile\systemDictionary.cpp, line 313]
Event: 1.365 Thread 0x000001e3fd0d86a0 Exception <a 'java/lang/ClassNotFoundException'{0x000000008963b758}: Tree> (0x000000008963b758) 
thrown [s\open\src\hotspot\share\classfile\systemDictionary.cpp, line 313]
Event: 1.365 Thread 0x000001e3fd0d86a0 Exception <a 'java/lang/ClassNotFoundException'{0x000000008963bac8}: javax/swing/JTreeCell> (0x000000008963bac8) 
thrown [s\open\src\hotspot\share\classfile\systemDictionary.cpp, line 313]
Event: 1.366 Thread 0x000001e3fd0d86a0 Exception <a 'java/lang/ClassNotFoundException'{0x000000008963bdd0}: TreeCell> (0x000000008963bdd0) 
thrown [s\open\src\hotspot\share\classfile\systemDictionary.cpp, line 313]
Event: 1.366 Thread 0x000001e3fd0d86a0 Exception <a 'java/lang/ClassNotFoundException'{0x000000008963c588}: RootPane> (0x000000008963c588) 
thrown [s\open\src\hotspot\share\classfile\systemDictionary.cpp, line 313]
Event: 1.376 Thread 0x000001e3fd0d86a0 Exception <a 'java/lang/ClassNotFoundException'{0x000000008963f3e8}: com/sun/swing/internal/plaf/metal/resources/spi/metalProvider> (0x000000008963f3e8) 
thrown [s\open\src\hotspot\share\classfile\systemDictionary.cpp, line 313]
Event: 1.380 Thread 0x000001e3fd0d86a0 Exception <a 'java/lang/ClassNotFoundException'{0x0000000089643148}: com/sun/swing/internal/plaf/basic/resources/spi/basicProvider> (0x0000000089643148) 
thrown [s\open\src\hotspot\share\classfile\systemDictionary.cpp, line 313]
Event: 1.443 Thread 0x000001e39bb721f0 Exception <a 'java/lang/ClassNotFoundException'{0x00000000896ebff8}: com/sun/swing/internal/plaf/synth/resources/spi/synthProvider> (0x00000000896ebff8) 
thrown [s\open\src\hotspot\share\classfile\systemDictionary.cpp, line 313]
Event: 1.484 Thread 0x000001e39bb721f0 Exception <a 'java/lang/NoSuchMethodError'{0x000000008952fc60}: 'int java.lang.invoke.Invokers$Holder.invokeExact_MT(java.lang.Object, java.lang.Object)'> (0x000000008952fc60) 
thrown [s\open\src\hotspot\share\interpreter\linkResolver.cpp, line 796]
Event: 1.495 Thread 0x000001e39bb721f0 Exception <a 'java/lang/NoSuchMethodError'{0x0000000089537c48}: 'java.lang.Object java.lang.invoke.DirectMethodHandle$Holder.newInvokeSpecial(java.lang.Object, java.lang.Object, int)'> (0x0000000089537c48) 
thrown [s\open\src\hotspot\share\interpreter\linkResolver.cpp, line 796]
Event: 1.500 Thread 0x000001e39bb721f0 Exception <a 'java/lang/NoSuchMethodError'{0x000000008954c238}: 'java.lang.Object java.lang.invoke.DirectMethodHandle$Holder.invokeStatic(java.lang.Object, java.lang.Object, java.lang.Object, java.lang.Object, int)'> (0x000000008954c238) 
thrown [s\open\src\hotspot\share\interpreter\linkResolver.cpp, line 796]
Event: 1.512 Thread 0x000001e39bb721f0 Exception <a 'java/lang/NoSuchMethodError'{0x0000000089557c30}: 'int java.lang.invoke.DirectMethodHandle$Holder.invokeSpecial(java.lang.Object, java.lang.Object, java.lang.Object)'> (0x0000000089557c30) 
thrown [s\open\src\hotspot\share\interpreter\linkResolver.cpp, line 796]
Event: 1.880 Thread 0x000001e39bbfb0b0 Exception <a 'java/lang/NoSuchMethodError'{0x00000000893a6858}: 'java.lang.Object java.lang.invoke.DirectMethodHandle$Holder.newInvokeSpecial(java.lang.Object, java.lang.Object, java.lang.Object, int, int, int, int, int)'> (0x00000000893a6858) 
thrown [s\open\src\hotspot\share\interpreter\linkResolver.cpp, line 796]
Event: 2.220 Thread 0x000001e39bae72a0 Exception <a 'java/lang/NoSuchMethodError'{0x00000000890c6130}: 'void java.lang.invoke.DirectMethodHandle$Holder.invokeVirtual(java.lang.Object, java.lang.Object)'> (0x00000000890c6130) 
thrown [s\open\src\hotspot\share\interpreter\linkResolver.cpp, line 796]
Event: 2.252 Thread 0x000001e39bb721f0 Exception <a 'java/lang/NoSuchMethodError'{0x00000000890eb7f0}: 'void java.lang.invoke.DirectMethodHandle$Holder.invokeStaticInit(java.lang.Object)'> (0x00000000890eb7f0) 
thrown [s\open\src\hotspot\share\interpreter\linkResolver.cpp, line 796]

VM Operations (20 events):
Event: 0.836 Executing VM operation: HandshakeAllThreads (Deoptimize)
Event: 0.836 Executing VM operation: HandshakeAllThreads (Deoptimize) done
Event: 1.596 Executing VM operation: HandshakeAllThreads (Deoptimize)
Event: 1.596 Executing VM operation: HandshakeAllThreads (Deoptimize) done
Event: 1.856 Executing VM operation: HandshakeAllThreads (Deoptimize)
Event: 1.856 Executing VM operation: HandshakeAllThreads (Deoptimize) done
Event: 2.001 Executing VM operation: G1CollectForAllocation (G1 Evacuation Pause)
Event: 2.014 Executing VM operation: G1CollectForAllocation (G1 Evacuation Pause) done
Event: 2.696 Executing VM operation: HandshakeAllThreads (Deoptimize)
Event: 2.696 Executing VM operation: HandshakeAllThreads (Deoptimize) done
Event: 2.721 Executing VM operation: HandshakeAllThreads (Deoptimize)
Event: 2.721 Executing VM operation: HandshakeAllThreads (Deoptimize) done
Event: 2.822 Executing VM operation: G1CollectForAllocation (G1 Evacuation Pause)
Event: 2.830 Executing VM operation: G1CollectForAllocation (G1 Evacuation Pause) done
Event: 2.852 Executing VM operation: HandshakeAllThreads (Deoptimize)
Event: 2.852 Executing VM operation: HandshakeAllThreads (Deoptimize) done
Event: 60.197 Executing VM operation: HandshakeAllThreads (HandshakeForDeflation)
Event: 60.197 Executing VM operation: HandshakeAllThreads (HandshakeForDeflation) done
Event: 60.197 Executing VM operation: RendezvousGCThreads
Event: 60.197 Executing VM operation: RendezvousGCThreads done

Memory protections (0 events):
No events

Nmethod flushes (0 events):
No events

Events (20 events):
Event: 0.115 Thread 0x000001e3fd0d86a0 Thread added: 0x000001e39b7911a0
Event: 0.116 Thread 0x000001e3fd0d86a0 Thread added: 0x000001e39b793fd0
Event: 0.116 Thread 0x000001e3fd0d86a0 Thread added: 0x000001e39b794de0
Event: 0.117 Thread 0x000001e3fd0d86a0 Thread added: 0x000001e39b797950
Event: 0.117 Thread 0x000001e3fd0d86a0 Thread added: 0x000001e39b7983b0
Event: 0.117 Thread 0x000001e3fd0d86a0 Thread added: 0x000001e39b798e10
Event: 0.117 Thread 0x000001e3fd0d86a0 Thread added: 0x000001e39b79bbb0
Event: 0.132 Thread 0x000001e3fd0d86a0 Thread added: 0x000001e39b79d740
Event: 0.330 Thread 0x000001e3fd0d86a0 Thread added: 0x000001e39b7fe250
Event: 0.613 Thread 0x000001e3fd0d86a0 Thread added: 0x000001e39b9c7ff0
Event: 0.932 Thread 0x000001e3fd0d86a0 Thread added: 0x000001e39bb06680
Event: 0.937 Thread 0x000001e3fd0d86a0 Thread added: 0x000001e39bb08d00
Event: 0.941 Thread 0x000001e3fd0d86a0 Thread added: 0x000001e39bae72a0
Event: 1.413 Thread 0x000001e3fd0d86a0 Thread added: 0x000001e39bb721f0
Event: 1.413 Thread 0x000001e3fd0d86a0 Thread exited: 0x000001e3fd0d86a0
Event: 1.413 Thread 0x000001e3fd0d86a0 Thread added: 0x000001e3fd0d86a0
Event: 1.753 Thread 0x000001e39bb721f0 Thread added: 0x000001e39bbfb0b0
Event: 1.905 Thread 0x000001e39bb721f0 Thread added: 0x000001e39bbbea00
Event: 7.047 Thread 0x000001e39bbfb0b0 Thread exited: 0x000001e39bbfb0b0
Event: 7.219 Thread 0x000001e39bbbea00 Thread exited: 0x000001e39bbbea00


Dynamic libraries:
0x00007ff76eab0000 - 0x00007ff76eac0000 	C:\Program Files\Java\jdk-23\bin\java.exe
0x00007ff82b0b0000 - 0x00007ff82b2a8000 	C:\Windows\SYSTEM32\ntdll.dll
0x00007ff81c280000 - 0x00007ff81c29a000 	C:\Program Files\Avast Software\Avast\aswhook.dll
0x00007ff8293f0000 - 0x00007ff8294b2000 	C:\Windows\System32\KERNEL32.DLL
0x00007ff828b80000 - 0x00007ff828e7f000 	C:\Windows\System32\KERNELBASE.dll
0x00007ff828a80000 - 0x00007ff828b80000 	C:\Windows\System32\ucrtbase.dll
0x00007ff822e20000 - 0x00007ff822e37000 	C:\Program Files\Java\jdk-23\bin\jli.dll
0x00007ff818b60000 - 0x00007ff818b7b000 	C:\Program Files\Java\jdk-23\bin\VCRUNTIME140.dll
0x00007ff82a540000 - 0x00007ff82a6dd000 	C:\Windows\System32\USER32.dll
0x00007ff828e80000 - 0x00007ff828ea2000 	C:\Windows\System32\win32u.dll
0x00007ff82ace0000 - 0x00007ff82ad0b000 	C:\Windows\System32\GDI32.dll
0x00007ff828960000 - 0x00007ff828a7a000 	C:\Windows\System32\gdi32full.dll
0x00007ff828750000 - 0x00007ff8287ed000 	C:\Windows\System32\msvcp_win.dll
0x00007ff820060000 - 0x00007ff8202fa000 	C:\Windows\WinSxS\amd64_microsoft.windows.common-controls_6595b64144ccf1df_6.0.19041.4355_none_60b8b9eb71f62e16\COMCTL32.dll
0x00007ff82a6f0000 - 0x00007ff82a78e000 	C:\Windows\System32\msvcrt.dll
0x00007ff829150000 - 0x00007ff82917f000 	C:\Windows\System32\IMM32.DLL
0x00007ff81b8b0000 - 0x00007ff81b8bc000 	C:\Program Files\Java\jdk-23\bin\vcruntime140_1.dll
0x00007ff80eb10000 - 0x00007ff80eb9e000 	C:\Program Files\Java\jdk-23\bin\msvcp140.dll
0x00007fffc7930000 - 0x00007fffc867f000 	C:\Program Files\Java\jdk-23\bin\server\jvm.dll
0x00007ff82a8f0000 - 0x00007ff82a99f000 	C:\Windows\System32\ADVAPI32.dll
0x00007ff829290000 - 0x00007ff82932f000 	C:\Windows\System32\sechost.dll
0x00007ff82a1e0000 - 0x00007ff82a303000 	C:\Windows\System32\RPCRT4.dll
0x00007ff8290a0000 - 0x00007ff8290c7000 	C:\Windows\System32\bcrypt.dll
0x00007ff82a3a0000 - 0x00007ff82a40b000 	C:\Windows\System32\WS2_32.dll
0x00007ff828500000 - 0x00007ff82854b000 	C:\Windows\SYSTEM32\POWRPROF.dll
0x00007ff81fe80000 - 0x00007ff81fea7000 	C:\Windows\SYSTEM32\WINMM.dll
0x00007ff823ee0000 - 0x00007ff823eea000 	C:\Windows\SYSTEM32\VERSION.dll
0x00007ff828470000 - 0x00007ff828482000 	C:\Windows\SYSTEM32\UMPDC.dll
0x00007ff8265f0000 - 0x00007ff826602000 	C:\Windows\SYSTEM32\kernel.appcore.dll
0x00007ff819e00000 - 0x00007ff819e0a000 	C:\Program Files\Java\jdk-23\bin\jimage.dll
0x00007ff8220c0000 - 0x00007ff8222a4000 	C:\Windows\SYSTEM32\DBGHELP.DLL
0x00007ff822060000 - 0x00007ff822094000 	C:\Windows\SYSTEM32\dbgcore.DLL
0x00007ff828eb0000 - 0x00007ff828f32000 	C:\Windows\System32\bcryptPrimitives.dll
0x00007ff8174d0000 - 0x00007ff8174ee000 	C:\Program Files\Java\jdk-23\bin\java.dll
0x00007ff82a410000 - 0x00007ff82a53b000 	C:\Windows\System32\ole32.dll
0x00007ff82ad10000 - 0x00007ff82b065000 	C:\Windows\System32\combase.dll
0x00007ff829590000 - 0x00007ff829cfd000 	C:\Windows\System32\SHELL32.dll
0x00007ff8267f0000 - 0x00007ff826f94000 	C:\Windows\SYSTEM32\windows.storage.dll
0x00007ff8280b0000 - 0x00007ff8280db000 	C:\Windows\SYSTEM32\Wldp.dll
0x00007ff8294c0000 - 0x00007ff82958d000 	C:\Windows\System32\OLEAUT32.dll
0x00007ff829330000 - 0x00007ff8293dd000 	C:\Windows\System32\SHCORE.dll
0x00007ff82ab60000 - 0x00007ff82abb5000 	C:\Windows\System32\shlwapi.dll
0x00007ff828680000 - 0x00007ff8286a5000 	C:\Windows\SYSTEM32\profapi.dll
0x00007ff808bf0000 - 0x00007ff808cc7000 	C:\Program Files\Java\jdk-23\bin\jsvml.dll
0x00007ff8177c0000 - 0x00007ff8177d0000 	C:\Program Files\Java\jdk-23\bin\net.dll
0x00007ff827e10000 - 0x00007ff827e7c000 	C:\Windows\system32\mswsock.dll
0x00007ff814b60000 - 0x00007ff814b76000 	C:\Program Files\Java\jdk-23\bin\nio.dll
0x00007ff814b40000 - 0x00007ff814b57000 	C:\Program Files\Java\jdk-23\bin\zip.dll
0x00007fffe57a0000 - 0x00007fffe592e000 	C:\Program Files\Java\jdk-23\bin\awt.dll
0x00007ff825d50000 - 0x00007ff825de4000 	C:\Windows\SYSTEM32\apphelp.dll
0x00007ff826100000 - 0x00007ff82619e000 	C:\Windows\system32\uxtheme.dll
0x00007ff82abc0000 - 0x00007ff82acd5000 	C:\Windows\System32\MSCTF.dll
0x00007ff826410000 - 0x00007ff82643f000 	C:\Windows\system32\DWMAPI.DLL
0x00007ff80ce00000 - 0x00007ff80ce87000 	C:\Program Files\Java\jdk-23\bin\freetype.dll
0x00007ff8016c0000 - 0x00007ff801797000 	C:\Program Files\Java\jdk-23\bin\fontmanager.dll
0x00007ff809df0000 - 0x00007ff809f18000 	C:\Windows\system32\opengl32.dll
0x00007ff809dc0000 - 0x00007ff809dec000 	C:\Windows\SYSTEM32\GLU32.dll
0x00007ff823eb0000 - 0x00007ff823ede000 	C:\Program Files\Java\jdk-23\bin\javajpeg.dll
0x00007ff829180000 - 0x00007ff829229000 	C:\Windows\System32\clbcatq.dll
0x00007ff825ec0000 - 0x00007ff826074000 	C:\Windows\SYSTEM32\WindowsCodecs.dll
0x00007ff817780000 - 0x00007ff8177be000 	C:\Windows\system32\dataexchange.dll
0x00007ff824180000 - 0x00007ff8243e3000 	C:\Windows\system32\d3d11.dll
0x00007ff825070000 - 0x00007ff825254000 	C:\Windows\system32\dcomp.dll
0x00007ff826fe0000 - 0x00007ff8270d6000 	C:\Windows\system32\dxgi.dll
0x00007ff8192f0000 - 0x00007ff8194f3000 	C:\Windows\system32\twinapi.appcore.dll
0x00007ff816a70000 - 0x00007ff816b69000 	C:\Windows\SYSTEM32\textinputframework.dll
0x00007ff825650000 - 0x00007ff8259ab000 	C:\Windows\System32\CoreUIComponents.dll
0x00007ff8259b0000 - 0x00007ff825aa2000 	C:\Windows\System32\CoreMessaging.dll
0x00007ff827980000 - 0x00007ff8279b3000 	C:\Windows\SYSTEM32\ntmarta.dll
0x00007ff824ef0000 - 0x00007ff825047000 	C:\Windows\SYSTEM32\wintypes.dll

dbghelp: loaded successfully - version: 4.0.5 - missing functions: none
symbol engine: initialized successfully - sym options: 0x614 - pdb path: .;C:\Program Files\Java\jdk-23\bin;C:\Windows\SYSTEM32;C:\Program Files\Avast Software\Avast;C:\Windows\WinSxS\amd64_microsoft.windows.common-controls_6595b64144ccf1df_6.0.19041.4355_none_60b8b9eb71f62e16;C:\Program Files\Java\jdk-23\bin\server

VM Arguments:
jvm_args: -Dfile.encoding=UTF-8 --module-path=C:\Users\dell\OneDrive\Documents\NetBeansProjects\SHIMSSYSTEMSS\build\classes 
java_command: shimsystem.student
java_class_path (initial): C:\Program Files\NetBeans-23\netbeans\java\modules\ext\AbsoluteLayout.jar;C:\Users\dell\OneDrive\Documents\mysql-connector-j-9.2.0.jar;C:\Users\dell\OneDrive\Documents\NetBeansProjects\SHIMSSYSTEMSS\build\classes
Launcher Type: SUN_STANDARD

[Global flags]
     intx CICompilerCount                          = 3                                         {product} {ergonomic}
     uint ConcGCThreads                            = 1                                         {product} {ergonomic}
     uint G1ConcRefinementThreads                  = 4                                         {product} {ergonomic}
   size_t G1HeapRegionSize                         = 1048576                                   {product} {ergonomic}
   size_t InitialHeapSize                          = 134217728                                 {product} {ergonomic}
   size_t MarkStackSize                            = 4194304                                   {product} {ergonomic}
   size_t MarkStackSizeMax                         = 536870912                                 {product} {ergonomic}
   size_t MaxHeapSize                              = 2118123520                                {product} {ergonomic}
   size_t MaxNewSize                               = 1270874112                                {product} {ergonomic}
   size_t MinHeapDeltaBytes                        = 1048576                                   {product} {ergonomic}
   size_t MinHeapSize                              = 8388608                                   {product} {ergonomic}
    uintx NonNMethodCodeHeapSize                   = 5832704                                {pd product} {ergonomic}
    uintx NonProfiledCodeHeapSize                  = 122945536                              {pd product} {ergonomic}
    uintx ProfiledCodeHeapSize                     = 122880000                              {pd product} {ergonomic}
    uintx ReservedCodeCacheSize                    = 251658240                              {pd product} {ergonomic}
     bool SegmentedCodeCache                       = true                                      {product} {ergonomic}
   size_t SoftMaxHeapSize                          = 2118123520                             {manageable} {ergonomic}
     bool UseCompressedOops                        = true                           {product lp64_product} {ergonomic}
     bool UseG1GC                                  = true                                      {product} {ergonomic}
     bool UseLargePagesIndividualAllocation        = false                                  {pd product} {ergonomic}

Logging:
Log output configuration:
 #0: stdout all=warning uptime,level,tags foldmultilines=false
 #1: stderr all=off uptime,level,tags foldmultilines=false

Environment Variables:
PATH=C:\app\dell\product\23ai\dbhomeFree\bin;C:\Program Files\Common Files\Oracle\Java\javapath;C:\Program Files (x86)\Common Files\Oracle\Java\javapath;C:\Windows\system32;C:\Windows;C:\Windows\System32\Wbem;C:\Windows\System32\WindowsPowerShell\v1.0\;C:\Windows\System32\OpenSSH\;C:\Users\dell\AppData\Local\Microsoft\WindowsApps;
USERNAME=dell
OS=Windows_NT
PROCESSOR_IDENTIFIER=Intel64 Family 6 Model 94 Stepping 3, GenuineIntel
TMP=C:\Users\dell\AppData\Local\Temp
TEMP=C:\Users\dell\AppData\Local\Temp




Periodic native trim disabled

---------------  S Y S T E M  ---------------

OS:
 Windows 10 , 64 bit Build 19041 (10.0.19041.5438)
OS uptime: 0 days 16:35 hours

CPU: total 4 (initial active 4) (2 cores per cpu, 2 threads per core) family 6 model 94 stepping 3 microcode 0xf2, cx8, cmov, fxsr, ht, mmx, 3dnowpref, sse, sse2, sse3, ssse3, sse4.1, sse4.2, popcnt, lzcnt, tsc, tscinvbit, avx, avx2, aes, erms, clmul, bmi1, bmi2, adx, fma, vzeroupper, clflush, clflushopt, rdtscp, f16c
Processor Information for the first 4 processors :
  Max Mhz: 3192, Current Mhz: 3192, Mhz Limit: 3192

Memory: 4k page, system-wide physical 8075M (1769M free)
TotalPageFile size 16166M (AvailPageFile size 3011M)
current process WorkingSet (physical memory assigned to process): 82M, peak: 109M
current process commit charge ("private bytes"): 219M, peak: 224M

vm_info: Java HotSpot(TM) 64-Bit Server VM (23+37-2369) for windows-amd64 JRE (23+37-2369), built on 2024-08-20T16:01:23Z with MS VC++ 17.6 (VS2022)

END.
